Using pre-set license
Built from '2020.3/staging' branch; Version is '2020.3.19f1 (68f137dc9bbe) revision 6877495'; Using compiler version '192528614'; Build Type 'Release'
OS: 'Windows 10 Pro; OS build 19042.1526; Version 2009; 64bit' Language: 'en' Physical Memory: 6075 MB
BatchMode: 1, IsHumanControllingUs: 0, StartBugReporterOnCrash: 0, Is64bit: 1, IsPro: 0

COMMAND LINE ARGUMENTS:
D:\GameDev\IDE\2020.3.19f1\Editor\Unity.exe
-adb2
-batchMode
-noUpm
-name
AssetImportWorker0
-projectPath
D:/GameDev/proyectos/LasAventurasDeMensa
-logFile
Logs/AssetImportWorker0.log
-srvPort
53415
Successfully changed project path to: D:/GameDev/proyectos/LasAventurasDeMensa
D:/GameDev/proyectos/LasAventurasDeMensa
Using Asset Import Pipeline V2.
Refreshing native plugins compatible for Editor in 59.52 ms, found 3 plugins.
Preloading 0 native plugins for Editor in 0.00 ms.
Initialize engine version: 2020.3.19f1 (68f137dc9bbe)
[Subsystems] Discovering subsystems at path D:/GameDev/IDE/2020.3.19f1/Editor/Data/Resources/UnitySubsystems
[Subsystems] Discovering subsystems at path D:/GameDev/proyectos/LasAventurasDeMensa/Assets
GfxDevice: creating device client; threaded=0
Direct3D:
    Version:  Direct3D 11.0 [level 11.1]
    Renderer: AMD Radeon(TM) Vega 3 Graphics (ID=0x15d8)
    Vendor:   
    VRAM:     3037 MB
    Driver:   30.0.13023.1012
Initialize mono
Mono path[0] = 'D:/GameDev/IDE/2020.3.19f1/Editor/Data/Managed'
Mono path[1] = 'D:/GameDev/IDE/2020.3.19f1/Editor/Data/MonoBleedingEdge/lib/mono/unityjit'
Mono config path = 'D:/GameDev/IDE/2020.3.19f1/Editor/Data/MonoBleedingEdge/etc'
Using monoOptions --debugger-agent=transport=dt_socket,embedding=1,server=y,suspend=n,address=127.0.0.1:56384
Begin MonoManager ReloadAssembly
Registering precompiled unity dll's ...
Register platform support module: D:/GameDev/IDE/2020.3.19f1/Editor/Data/PlaybackEngines/WindowsStandaloneSupport/UnityEditor.WindowsStandalone.Extensions.dll
Registered in 0.001398 seconds.
Native extension for WindowsStandalone target not found
Refreshing native plugins compatible for Editor in 59.99 ms, found 3 plugins.
Preloading 0 native plugins for Editor in 0.00 ms.
Mono: successfully reloaded assembly
- Completed reload, in  1.261 seconds
Domain Reload Profiling:
	ReloadAssembly (1262ms)
		BeginReloadAssembly (72ms)
			ExecutionOrderSort (0ms)
			DisableScriptedObjects (0ms)
			BackupInstance (0ms)
			ReleaseScriptingObjects (0ms)
			CreateAndSetChildDomain (1ms)
		EndReloadAssembly (598ms)
			LoadAssemblies (71ms)
			RebuildTransferFunctionScriptingTraits (0ms)
			SetupTypeCache (203ms)
			ReleaseScriptCaches (0ms)
			RebuildScriptCaches (40ms)
			SetupLoadedEditorAssemblies (241ms)
				LogAssemblyErrors (0ms)
				InitializePlatformSupportModulesInManaged (5ms)
				SetLoadedEditorAssemblies (0ms)
				RefreshPlugins (60ms)
				BeforeProcessingInitializeOnLoad (21ms)
				ProcessInitializeOnLoadAttributes (118ms)
				ProcessInitializeOnLoadMethodAttributes (37ms)
				AfterProcessingInitializeOnLoad (0ms)
				EditorAssembliesLoaded (0ms)
			ExecutionOrderSort2 (0ms)
			AwakeInstancesAfterBackupRestoration (0ms)
Platform modules already initialized, skipping
Registering precompiled user dll's ...
Registered in 0.002472 seconds.
Begin MonoManager ReloadAssembly
Native extension for WindowsStandalone target not found
Refreshing native plugins compatible for Editor in 61.21 ms, found 3 plugins.
Preloading 0 native plugins for Editor in 0.00 ms.
Mono: successfully reloaded assembly
- Completed reload, in  1.483 seconds
Domain Reload Profiling:
	ReloadAssembly (1484ms)
		BeginReloadAssembly (181ms)
			ExecutionOrderSort (0ms)
			DisableScriptedObjects (6ms)
			BackupInstance (0ms)
			ReleaseScriptingObjects (0ms)
			CreateAndSetChildDomain (23ms)
		EndReloadAssembly (1223ms)
			LoadAssemblies (112ms)
			RebuildTransferFunctionScriptingTraits (0ms)
			SetupTypeCache (396ms)
			ReleaseScriptCaches (1ms)
			RebuildScriptCaches (59ms)
			SetupLoadedEditorAssemblies (455ms)
				LogAssemblyErrors (0ms)
				InitializePlatformSupportModulesInManaged (4ms)
				SetLoadedEditorAssemblies (0ms)
				RefreshPlugins (61ms)
				BeforeProcessingInitializeOnLoad (97ms)
				ProcessInitializeOnLoadAttributes (271ms)
				ProcessInitializeOnLoadMethodAttributes (17ms)
				AfterProcessingInitializeOnLoad (3ms)
				EditorAssembliesLoaded (0ms)
			ExecutionOrderSort2 (0ms)
			AwakeInstancesAfterBackupRestoration (9ms)
Platform modules already initialized, skipping
========================================================================
Worker process is ready to serve import requests
Launched and connected shader compiler UnityShaderCompiler.exe after 0.08 seconds
Refreshing native plugins compatible for Editor in 0.78 ms, found 3 plugins.
Preloading 0 native plugins for Editor in 0.00 ms.
Unloading 2131 Unused Serialized files (Serialized files now loaded: 0)
System memory in use before: 95.0 MB.
System memory in use after: 95.1 MB.

Unloading 26 unused Assets to reduce memory usage. Loaded Objects now: 2571.
Total: 4.345600 ms (FindLiveObjects: 0.358800 ms CreateObjectMapping: 0.078300 ms MarkObjects: 3.806500 ms  DeleteObjects: 0.099500 ms)

AssetImportParameters requested are different than current active one (requested -> active):
  custom:framework-win-MediaFoundation: 216162199b28c13a410421893ffa2e32 -> 
  custom:video-decoder-ogg-theora: a1e56fd34408186e4bbccfd4996cb3dc -> 
  custom:container-muxer-webm: aa71ff27fc2769a1b78a27578f13a17b -> 
  custom:container-demuxer-webm: 4f35f7cbe854078d1ac9338744f61a02 -> 
  custom:container-demuxer-ogg: 62fdf1f143b41e24485cea50d1cbac27 -> 
  custom:video-encoder-webm-vp8: eb34c28f22e8b96e1ab97ce403110664 -> 
  custom:video-decoder-webm-vp8: 9c59270c3fd7afecdb556c50c9e8de78 -> 
  custom:audio-decoder-ogg-vorbis: bf7c407c2cedff20999df2af8eb42d56 -> 
  custom:audio-encoder-webm-vorbis: bf7c407c2cedff20999df2af8eb42d56 -> 
========================================================================
Received Import Request.
  path: Assets/Tiny RPG Forest/Artwork
  artifactKey: Guid(2997bd1d056ed4d788a6a187a0745a62) Importer(815301076,1909f56bfc062723c751e8b465ee728b)
Start importing Assets/Tiny RPG Forest/Artwork using Guid(2997bd1d056ed4d788a6a187a0745a62) Importer(815301076,1909f56bfc062723c751e8b465ee728b)  -> (artifact id: 'df1d7710a607e72ed475f0a4b2122b74') in 0.012866 seconds 
  Import took 0.018540 seconds .

========================================================================
Received Import Request.
  Time since last request: 0.000305 seconds.
  path: Assets/Tiny RPG Forest/Artwork/Environment
  artifactKey: Guid(100acaa2162c04f3c80ed7ec436e4f6a) Importer(815301076,1909f56bfc062723c751e8b465ee728b)
Start importing Assets/Tiny RPG Forest/Artwork/Environment using Guid(100acaa2162c04f3c80ed7ec436e4f6a) Importer(815301076,1909f56bfc062723c751e8b465ee728b)  -> (artifact id: 'f520f8051e3f1d7d67c42e5994226e56') in 0.011599 seconds 
  Import took 0.016876 seconds .

========================================================================
Received Import Request.
  Time since last request: 0.000325 seconds.
  path: Assets/Tiny RPG Forest/Artwork/sprites
  artifactKey: Guid(7abb9878f76254869a9b13568f59ba3a) Importer(815301076,1909f56bfc062723c751e8b465ee728b)
Start importing Assets/Tiny RPG Forest/Artwork/sprites using Guid(7abb9878f76254869a9b13568f59ba3a) Importer(815301076,1909f56bfc062723c751e8b465ee728b)  -> (artifact id: 'aa5f574b324095b17acc2e2e9f7151f8') in 0.011338 seconds 
  Import took 0.018118 seconds .

========================================================================
Received Import Request.
  Time since last request: 0.674954 seconds.
  path: Assets/Tiny RPG Forest/Artwork/sprites/misc
  artifactKey: Guid(68085f438a58d403499b75e0b87ae892) Importer(815301076,1909f56bfc062723c751e8b465ee728b)
Start importing Assets/Tiny RPG Forest/Artwork/sprites/misc using Guid(68085f438a58d403499b75e0b87ae892) Importer(815301076,1909f56bfc062723c751e8b465ee728b)  -> (artifact id: 'cdd6d62f3f59eb4430fb62a7ec9b99ff') in 0.012168 seconds 
  Import took 0.017583 seconds .

========================================================================
Received Import Request.
  Time since last request: 4.201365 seconds.
  path: Assets/Tiny RPG Forest/Artwork/sprites/misc/coin
  artifactKey: Guid(0d3773740d508432e81fe6a5347a1e5d) Importer(815301076,1909f56bfc062723c751e8b465ee728b)
Start importing Assets/Tiny RPG Forest/Artwork/sprites/misc/coin using Guid(0d3773740d508432e81fe6a5347a1e5d) Importer(815301076,1909f56bfc062723c751e8b465ee728b)  -> (artifact id: '88cf572906a1d13adcf0bff1d16e1917') in 0.010572 seconds 
  Import took 0.015354 seconds .

========================================================================
Received Import Request.
  Time since last request: 0.034283 seconds.
  path: Assets/Tiny RPG Forest/Artwork/sprites/misc/coin/coin-1.png
  artifactKey: Guid(03b3b03d94fe64ca991436d28accda10) Importer(815301076,1909f56bfc062723c751e8b465ee728b)
Start importing Assets/Tiny RPG Forest/Artwork/sprites/misc/coin/coin-1.png using Guid(03b3b03d94fe64ca991436d28accda10) Importer(815301076,1909f56bfc062723c751e8b465ee728b)  -> (artifact id: 'f1a25d720bff71e6c192c02250800c07') in 0.207212 seconds 
  Import took 0.215757 seconds .

========================================================================
Received Import Request.
  Time since last request: 0.000311 seconds.
  path: Assets/Tiny RPG Forest/Artwork/sprites/misc/coin/coin-3.png
  artifactKey: Guid(a1938ef5e3ea44afd9b1ca7a23b8f39f) Importer(815301076,1909f56bfc062723c751e8b465ee728b)
Start importing Assets/Tiny RPG Forest/Artwork/sprites/misc/coin/coin-3.png using Guid(a1938ef5e3ea44afd9b1ca7a23b8f39f) Importer(815301076,1909f56bfc062723c751e8b465ee728b)  -> (artifact id: '31fad09b940e6faf7c162d625ffac6ed') in 0.032463 seconds 
  Import took 0.037680 seconds .

========================================================================
Received Import Request.
  Time since last request: 0.000495 seconds.
  path: Assets/Tiny RPG Forest/Artwork/sprites/misc/coin/coin-4.png
  artifactKey: Guid(601ee6102f54d41e9908ba8c8ade2173) Importer(815301076,1909f56bfc062723c751e8b465ee728b)
Start importing Assets/Tiny RPG Forest/Artwork/sprites/misc/coin/coin-4.png using Guid(601ee6102f54d41e9908ba8c8ade2173) Importer(815301076,1909f56bfc062723c751e8b465ee728b)  -> (artifact id: '7f4b59455a77fd78dbc8cb6eb65cbb39') in 0.030085 seconds 
  Import took 0.036519 seconds .

========================================================================
Received Import Request.
  Time since last request: 0.000252 seconds.
  path: Assets/Tiny RPG Forest/Artwork/sprites/misc/coin/coin-2.png
  artifactKey: Guid(bff474feb3ed041f0abe9d1ec39e3b73) Importer(815301076,1909f56bfc062723c751e8b465ee728b)
Start importing Assets/Tiny RPG Forest/Artwork/sprites/misc/coin/coin-2.png using Guid(bff474feb3ed041f0abe9d1ec39e3b73) Importer(815301076,1909f56bfc062723c751e8b465ee728b)  -> (artifact id: 'f0e1e9411cdc0b4999067d0f211cd0e5') in 0.028344 seconds 
  Import took 0.033764 seconds .

========================================================================
Received Import Request.
  Time since last request: 1.952836 seconds.
  path: Assets/Tiny RPG Forest/Artwork/sprites/misc/enemy-death
  artifactKey: Guid(e17a35b7d94da44c89d1d1cbc65d3e38) Importer(815301076,1909f56bfc062723c751e8b465ee728b)
Start importing Assets/Tiny RPG Forest/Artwork/sprites/misc/enemy-death using Guid(e17a35b7d94da44c89d1d1cbc65d3e38) Importer(815301076,1909f56bfc062723c751e8b465ee728b)  -> (artifact id: 'cb7af73b3538c4badd3f1b011d239da0') in 0.009431 seconds 
  Import took 0.015078 seconds .

========================================================================
Received Import Request.
  Time since last request: 0.021488 seconds.
  path: Assets/Tiny RPG Forest/Artwork/sprites/misc/enemy-death/enemy-death-1.png
  artifactKey: Guid(56acb1bfd0b1049e89df9be859dc3615) Importer(815301076,1909f56bfc062723c751e8b465ee728b)
Start importing Assets/Tiny RPG Forest/Artwork/sprites/misc/enemy-death/enemy-death-1.png using Guid(56acb1bfd0b1049e89df9be859dc3615) Importer(815301076,1909f56bfc062723c751e8b465ee728b)  -> (artifact id: 'c3904238c019ffd2df67b6a15731d182') in 0.025607 seconds 
  Import took 0.030540 seconds .

========================================================================
Received Import Request.
  Time since last request: 0.000276 seconds.
  path: Assets/Tiny RPG Forest/Artwork/sprites/misc/enemy-death/enemy-death-4.png
  artifactKey: Guid(37a2d4b7807fb4089a452e9a68acc935) Importer(815301076,1909f56bfc062723c751e8b465ee728b)
Start importing Assets/Tiny RPG Forest/Artwork/sprites/misc/enemy-death/enemy-death-4.png using Guid(37a2d4b7807fb4089a452e9a68acc935) Importer(815301076,1909f56bfc062723c751e8b465ee728b)  -> (artifact id: 'd5556f369ae8138f98fc7707f888c49e') in 0.029091 seconds 
  Import took 0.034955 seconds .

========================================================================
Received Import Request.
  Time since last request: 0.000320 seconds.
  path: Assets/Tiny RPG Forest/Artwork/sprites/misc/enemy-death/enemy-death-2.png
  artifactKey: Guid(251925328a35b4b1f86bc7bfc46ba9a3) Importer(815301076,1909f56bfc062723c751e8b465ee728b)
Start importing Assets/Tiny RPG Forest/Artwork/sprites/misc/enemy-death/enemy-death-2.png using Guid(251925328a35b4b1f86bc7bfc46ba9a3) Importer(815301076,1909f56bfc062723c751e8b465ee728b)  -> (artifact id: '00374a147de48453aa46b6beebd72d15') in 0.027090 seconds 
  Import took 0.031447 seconds .

========================================================================
Received Import Request.
  Time since last request: 0.000272 seconds.
  path: Assets/Tiny RPG Forest/Artwork/sprites/misc/enemy-death/enemy-death-6.png
  artifactKey: Guid(071c2f3c390094fbe96e77d4670007d0) Importer(815301076,1909f56bfc062723c751e8b465ee728b)
Start importing Assets/Tiny RPG Forest/Artwork/sprites/misc/enemy-death/enemy-death-6.png using Guid(071c2f3c390094fbe96e77d4670007d0) Importer(815301076,1909f56bfc062723c751e8b465ee728b)  -> (artifact id: '237c00e984052da9b4e0ae05b20b90b5') in 0.026760 seconds 
  Import took 0.034032 seconds .

========================================================================
Received Import Request.
  Time since last request: 0.000453 seconds.
  path: Assets/Tiny RPG Forest/Artwork/sprites/misc/enemy-death/enemy-death-5.png
  artifactKey: Guid(53a1842734d514cbaa3c63fb01b8a2e5) Importer(815301076,1909f56bfc062723c751e8b465ee728b)
Start importing Assets/Tiny RPG Forest/Artwork/sprites/misc/enemy-death/enemy-death-5.png using Guid(53a1842734d514cbaa3c63fb01b8a2e5) Importer(815301076,1909f56bfc062723c751e8b465ee728b)  -> (artifact id: 'eaea4990c75f50529b57aee249537d4d') in 0.028970 seconds 
  Import took 0.034641 seconds .

========================================================================
Received Import Request.
  Time since last request: 0.000289 seconds.
  path: Assets/Tiny RPG Forest/Artwork/sprites/misc/enemy-death/enemy-death-3.png
  artifactKey: Guid(39863dd113769499488ded9f37cd3ef4) Importer(815301076,1909f56bfc062723c751e8b465ee728b)
Start importing Assets/Tiny RPG Forest/Artwork/sprites/misc/enemy-death/enemy-death-3.png using Guid(39863dd113769499488ded9f37cd3ef4) Importer(815301076,1909f56bfc062723c751e8b465ee728b)  -> (artifact id: 'bd5bbd97eca84c455c918e10e116340b') in 0.036271 seconds 
  Import took 0.041259 seconds .

========================================================================
Received Import Request.
  Time since last request: 3.287697 seconds.
  path: Assets/Tiny RPG Forest/Artwork/sprites/misc/gem
  artifactKey: Guid(66894622c69964b7e8388e21d3443aae) Importer(815301076,1909f56bfc062723c751e8b465ee728b)
Start importing Assets/Tiny RPG Forest/Artwork/sprites/misc/gem using Guid(66894622c69964b7e8388e21d3443aae) Importer(815301076,1909f56bfc062723c751e8b465ee728b)  -> (artifact id: '0422f7105b8394bc418191b858a000e6') in 0.010237 seconds 
  Import took 0.015772 seconds .

========================================================================
Received Import Request.
  Time since last request: 0.037837 seconds.
  path: Assets/Tiny RPG Forest/Artwork/sprites/misc/gem/gem-1.png
  artifactKey: Guid(d1c1523651c71449cb32c2c7933acf8c) Importer(815301076,1909f56bfc062723c751e8b465ee728b)
Start importing Assets/Tiny RPG Forest/Artwork/sprites/misc/gem/gem-1.png using Guid(d1c1523651c71449cb32c2c7933acf8c) Importer(815301076,1909f56bfc062723c751e8b465ee728b)  -> (artifact id: '52beab8aa5842130fdb46b2409960143') in 0.019600 seconds 
  Import took 0.024269 seconds .

========================================================================
Received Import Request.
  Time since last request: 0.000241 seconds.
  path: Assets/Tiny RPG Forest/Artwork/sprites/misc/gem/gem-4.png
  artifactKey: Guid(c43e5b8489c04479bafe8967422f3abb) Importer(815301076,1909f56bfc062723c751e8b465ee728b)
Start importing Assets/Tiny RPG Forest/Artwork/sprites/misc/gem/gem-4.png using Guid(c43e5b8489c04479bafe8967422f3abb) Importer(815301076,1909f56bfc062723c751e8b465ee728b)  -> (artifact id: 'd3579a42ed36a2d32ec41f59e60ca248') in 0.027129 seconds 
  Import took 0.032088 seconds .

========================================================================
Received Import Request.
  Time since last request: 0.000349 seconds.
  path: Assets/Tiny RPG Forest/Artwork/sprites/misc/gem/gem-3.png
  artifactKey: Guid(5bfad33111cd74875afe141dc1db8c66) Importer(815301076,1909f56bfc062723c751e8b465ee728b)
Start importing Assets/Tiny RPG Forest/Artwork/sprites/misc/gem/gem-3.png using Guid(5bfad33111cd74875afe141dc1db8c66) Importer(815301076,1909f56bfc062723c751e8b465ee728b)  -> (artifact id: '0f3721c9def321bd08298c2893c69e48') in 0.026389 seconds 
  Import took 0.031497 seconds .

========================================================================
Received Import Request.
  Time since last request: 0.000372 seconds.
  path: Assets/Tiny RPG Forest/Artwork/sprites/misc/gem/gem-2.png
  artifactKey: Guid(0cf9bf4506ad5439987f6fdb1805dcc2) Importer(815301076,1909f56bfc062723c751e8b465ee728b)
Start importing Assets/Tiny RPG Forest/Artwork/sprites/misc/gem/gem-2.png using Guid(0cf9bf4506ad5439987f6fdb1805dcc2) Importer(815301076,1909f56bfc062723c751e8b465ee728b)  -> (artifact id: '103e95b1e500846e88ab2a79235a569c') in 0.028834 seconds 
  Import took 0.033242 seconds .

========================================================================
Received Import Request.
  Time since last request: 1.802785 seconds.
  path: Assets/Tiny RPG Forest/Artwork/sprites/misc/hearts
  artifactKey: Guid(82c7e09e98270497688268a302d72b72) Importer(815301076,1909f56bfc062723c751e8b465ee728b)
Start importing Assets/Tiny RPG Forest/Artwork/sprites/misc/hearts using Guid(82c7e09e98270497688268a302d72b72) Importer(815301076,1909f56bfc062723c751e8b465ee728b)  -> (artifact id: '21626eb082f4271396d43a3fd4019afe') in 0.008567 seconds 
  Import took 0.013531 seconds .

========================================================================
Received Import Request.
  Time since last request: 0.037557 seconds.
  path: Assets/Tiny RPG Forest/Artwork/sprites/misc/hearts/hearts-1.png
  artifactKey: Guid(8f03d65eca65243d0963f648c2e9824a) Importer(815301076,1909f56bfc062723c751e8b465ee728b)
Start importing Assets/Tiny RPG Forest/Artwork/sprites/misc/hearts/hearts-1.png using Guid(8f03d65eca65243d0963f648c2e9824a) Importer(815301076,1909f56bfc062723c751e8b465ee728b)  -> (artifact id: '3b25b3f2beb7bf9f3046b0d23bb20e44') in 0.019811 seconds 
  Import took 0.024567 seconds .

========================================================================
Received Import Request.
  Time since last request: 0.000245 seconds.
  path: Assets/Tiny RPG Forest/Artwork/sprites/misc/hearts/hearts-2.png
  artifactKey: Guid(af1d44c8d77c341869dcdb0b63c5cff8) Importer(815301076,1909f56bfc062723c751e8b465ee728b)
Start importing Assets/Tiny RPG Forest/Artwork/sprites/misc/hearts/hearts-2.png using Guid(af1d44c8d77c341869dcdb0b63c5cff8) Importer(815301076,1909f56bfc062723c751e8b465ee728b)  -> (artifact id: 'd984b301a58d915cafcb6df614e3f9da') in 0.027259 seconds 
  Import took 0.032935 seconds .

========================================================================
Received Import Request.
  Time since last request: 87.044417 seconds.
  path: Assets/Tiny RPG Forest/Artwork/sprites/hero/attack/hero-attack-back/hero-attack-back-1.png
  artifactKey: Guid(269bf255a0807467391905647741fd6d) Importer(815301076,1909f56bfc062723c751e8b465ee728b)
Start importing Assets/Tiny RPG Forest/Artwork/sprites/hero/attack/hero-attack-back/hero-attack-back-1.png using Guid(269bf255a0807467391905647741fd6d) Importer(815301076,1909f56bfc062723c751e8b465ee728b)  -> (artifact id: '13a3a26b4970ab353a8e4f45335a64e3') in 0.023009 seconds 
  Import took 0.028964 seconds .

========================================================================
Received Import Request.
  Time since last request: 0.000267 seconds.
  path: Assets/Tiny RPG Forest/Artwork/sprites/hero/attack/hero-attack-back/hero-attack-back-3.png
  artifactKey: Guid(7185c97541acf4a909caef9a87fb3941) Importer(815301076,1909f56bfc062723c751e8b465ee728b)
Start importing Assets/Tiny RPG Forest/Artwork/sprites/hero/attack/hero-attack-back/hero-attack-back-3.png using Guid(7185c97541acf4a909caef9a87fb3941) Importer(815301076,1909f56bfc062723c751e8b465ee728b)  -> (artifact id: 'c0706c13a0b560f948989bf54db0613a') in 0.031843 seconds 
  Import took 0.036320 seconds .

========================================================================
Received Import Request.
  Time since last request: 0.000244 seconds.
  path: Assets/Tiny RPG Forest/Artwork/sprites/hero/attack/hero-attack-back/hero-attack-back-2.png
  artifactKey: Guid(af44b838e74a6481b8e4c615bdbdd0af) Importer(815301076,1909f56bfc062723c751e8b465ee728b)
Start importing Assets/Tiny RPG Forest/Artwork/sprites/hero/attack/hero-attack-back/hero-attack-back-2.png using Guid(af44b838e74a6481b8e4c615bdbdd0af) Importer(815301076,1909f56bfc062723c751e8b465ee728b)  -> (artifact id: '4d73893a4a4088317812f63bd44482c9') in 0.035915 seconds 
  Import took 0.040698 seconds .

========================================================================
Received Import Request.
  Time since last request: 15.013302 seconds.
  path: Assets/Tiny RPG Forest/Artwork/sprites/hero/attack/hero-attack-front/hero-attack-front-1.png
  artifactKey: Guid(3fee1b456a31145079dfa677bd981ed4) Importer(815301076,1909f56bfc062723c751e8b465ee728b)
Start importing Assets/Tiny RPG Forest/Artwork/sprites/hero/attack/hero-attack-front/hero-attack-front-1.png using Guid(3fee1b456a31145079dfa677bd981ed4) Importer(815301076,1909f56bfc062723c751e8b465ee728b)  -> (artifact id: 'ffa2f6998b8af44f811b3403b7c854cc') in 0.022890 seconds 
  Import took 0.028413 seconds .

========================================================================
Received Import Request.
  Time since last request: 0.000272 seconds.
  path: Assets/Tiny RPG Forest/Artwork/sprites/hero/attack/hero-attack-front/hero-attack-front-3.png
  artifactKey: Guid(3bad3ce222de4482aae3c99a99cdf964) Importer(815301076,1909f56bfc062723c751e8b465ee728b)
Start importing Assets/Tiny RPG Forest/Artwork/sprites/hero/attack/hero-attack-front/hero-attack-front-3.png using Guid(3bad3ce222de4482aae3c99a99cdf964) Importer(815301076,1909f56bfc062723c751e8b465ee728b)  -> (artifact id: 'f851bdd73d6e10399232aeba67ac09fe') in 0.042182 seconds 
  Import took 0.047448 seconds .

========================================================================
Received Import Request.
  Time since last request: 0.000272 seconds.
  path: Assets/Tiny RPG Forest/Artwork/sprites/hero/attack/hero-attack-front/hero-attack-front-2.png
  artifactKey: Guid(eef3b797d962d47419f4db6cf5144059) Importer(815301076,1909f56bfc062723c751e8b465ee728b)
Start importing Assets/Tiny RPG Forest/Artwork/sprites/hero/attack/hero-attack-front/hero-attack-front-2.png using Guid(eef3b797d962d47419f4db6cf5144059) Importer(815301076,1909f56bfc062723c751e8b465ee728b)  -> (artifact id: 'add511d0363c39758a5e6dad7f271874') in 0.038647 seconds 
  Import took 0.044063 seconds .

========================================================================
Received Import Request.
  Time since last request: 1.231722 seconds.
  path: Assets/Tiny RPG Forest/Artwork/sprites/hero/attack/hero-attack-side/hero-attack-side-1.png
  artifactKey: Guid(ba299c80d09de4d4696f394e503ac933) Importer(815301076,1909f56bfc062723c751e8b465ee728b)
Start importing Assets/Tiny RPG Forest/Artwork/sprites/hero/attack/hero-attack-side/hero-attack-side-1.png using Guid(ba299c80d09de4d4696f394e503ac933) Importer(815301076,1909f56bfc062723c751e8b465ee728b)  -> (artifact id: 'c8a7b5c345eceb925fbc6309609f8582') in 0.027004 seconds 
  Import took 0.032363 seconds .

========================================================================
Received Import Request.
  Time since last request: 0.000233 seconds.
  path: Assets/Tiny RPG Forest/Artwork/sprites/hero/attack/hero-attack-side/hero-attack-side-2.png
  artifactKey: Guid(461602cf177724a5b9780734e1f408fb) Importer(815301076,1909f56bfc062723c751e8b465ee728b)
Start importing Assets/Tiny RPG Forest/Artwork/sprites/hero/attack/hero-attack-side/hero-attack-side-2.png using Guid(461602cf177724a5b9780734e1f408fb) Importer(815301076,1909f56bfc062723c751e8b465ee728b)  -> (artifact id: '7ed54b2901e5825011c93225738aa22f') in 0.029097 seconds 
  Import took 0.034027 seconds .

========================================================================
Received Import Request.
  Time since last request: 0.000321 seconds.
  path: Assets/Tiny RPG Forest/Artwork/sprites/hero/attack/hero-attack-side/hero-attack-side-3.png
  artifactKey: Guid(afcfb31c2e79f4edcacff6d2ae846b1e) Importer(815301076,1909f56bfc062723c751e8b465ee728b)
Start importing Assets/Tiny RPG Forest/Artwork/sprites/hero/attack/hero-attack-side/hero-attack-side-3.png using Guid(afcfb31c2e79f4edcacff6d2ae846b1e) Importer(815301076,1909f56bfc062723c751e8b465ee728b)  -> (artifact id: '42baed4a7ee5bb4ea558531aa804d216') in 0.031562 seconds 
  Import took 0.038390 seconds .

========================================================================
Received Import Request.
  Time since last request: 14.031404 seconds.
  path: Assets/Tiny RPG Forest/Artwork/sprites/hero/attack-weapon/hero-attack-back/hero-attack-back-weapon-1.png
  artifactKey: Guid(ffed433e735f44a99b90ef2bcb4119c7) Importer(815301076,1909f56bfc062723c751e8b465ee728b)
Start importing Assets/Tiny RPG Forest/Artwork/sprites/hero/attack-weapon/hero-attack-back/hero-attack-back-weapon-1.png using Guid(ffed433e735f44a99b90ef2bcb4119c7) Importer(815301076,1909f56bfc062723c751e8b465ee728b)  -> (artifact id: '328c18ed4a681eaa899af91ae94ca2e0') in 0.023454 seconds 
  Import took 0.028983 seconds .

========================================================================
Received Import Request.
  Time since last request: 0.000440 seconds.
  path: Assets/Tiny RPG Forest/Artwork/sprites/hero/attack-weapon/hero-attack-back/hero-attack-back-weapon-2.png
  artifactKey: Guid(8d495247644fb40b5972c92de8b601e9) Importer(815301076,1909f56bfc062723c751e8b465ee728b)
Start importing Assets/Tiny RPG Forest/Artwork/sprites/hero/attack-weapon/hero-attack-back/hero-attack-back-weapon-2.png using Guid(8d495247644fb40b5972c92de8b601e9) Importer(815301076,1909f56bfc062723c751e8b465ee728b)  -> (artifact id: 'c0f83d5971992e036b655989cd9aa233') in 0.030511 seconds 
  Import took 0.036783 seconds .

========================================================================
Received Import Request.
  Time since last request: 0.000277 seconds.
  path: Assets/Tiny RPG Forest/Artwork/sprites/hero/attack-weapon/hero-attack-back/hero-attack-back-weapon-3.png
  artifactKey: Guid(afa49c1c777bc41729512b54c7cffb6a) Importer(815301076,1909f56bfc062723c751e8b465ee728b)
Start importing Assets/Tiny RPG Forest/Artwork/sprites/hero/attack-weapon/hero-attack-back/hero-attack-back-weapon-3.png using Guid(afa49c1c777bc41729512b54c7cffb6a) Importer(815301076,1909f56bfc062723c751e8b465ee728b)  -> (artifact id: '8f0ec632fd3a4e522f78a8f5d424c2ef') in 0.032971 seconds 
  Import took 0.039348 seconds .

========================================================================
Received Import Request.
  Time since last request: 3.206434 seconds.
  path: Assets/Tiny RPG Forest/Artwork/sprites/hero/attack-weapon/hero-attack-front/hero-attack-front-weapon-1.png
  artifactKey: Guid(d3fc86e87ed624cd4b99f41839d07872) Importer(815301076,1909f56bfc062723c751e8b465ee728b)
Start importing Assets/Tiny RPG Forest/Artwork/sprites/hero/attack-weapon/hero-attack-front/hero-attack-front-weapon-1.png using Guid(d3fc86e87ed624cd4b99f41839d07872) Importer(815301076,1909f56bfc062723c751e8b465ee728b)  -> (artifact id: 'f65fcaf4742c9693c5fb027b49808de8') in 0.022385 seconds 
  Import took 0.028403 seconds .

========================================================================
Received Import Request.
  Time since last request: 0.000291 seconds.
  path: Assets/Tiny RPG Forest/Artwork/sprites/hero/attack-weapon/hero-attack-front/hero-attack-front-weapon-3.png
  artifactKey: Guid(79e8ab09581164230b48e34a040d92ef) Importer(815301076,1909f56bfc062723c751e8b465ee728b)
Start importing Assets/Tiny RPG Forest/Artwork/sprites/hero/attack-weapon/hero-attack-front/hero-attack-front-weapon-3.png using Guid(79e8ab09581164230b48e34a040d92ef) Importer(815301076,1909f56bfc062723c751e8b465ee728b)  -> (artifact id: '24493716012ba15fc17da7241da71f85') in 0.030812 seconds 
  Import took 0.035273 seconds .

========================================================================
Received Import Request.
  Time since last request: 0.000393 seconds.
  path: Assets/Tiny RPG Forest/Artwork/sprites/hero/attack-weapon/hero-attack-front/hero-attack-front-weapon-2.png
  artifactKey: Guid(0e983ad8fc7bd4f4187c33223f6b784c) Importer(815301076,1909f56bfc062723c751e8b465ee728b)
Start importing Assets/Tiny RPG Forest/Artwork/sprites/hero/attack-weapon/hero-attack-front/hero-attack-front-weapon-2.png using Guid(0e983ad8fc7bd4f4187c33223f6b784c) Importer(815301076,1909f56bfc062723c751e8b465ee728b)  -> (artifact id: '675f55be2c0abd45624a6e486725962e') in 0.033260 seconds 
  Import took 0.039099 seconds .

========================================================================
Received Import Request.
  Time since last request: 2.479094 seconds.
  path: Assets/Tiny RPG Forest/Artwork/sprites/hero/attack-weapon/hero-attack-side/hero-attack-side-weapon-1.png
  artifactKey: Guid(06aae4ddb038e4d5db20cbfa9674d4ca) Importer(815301076,1909f56bfc062723c751e8b465ee728b)
Start importing Assets/Tiny RPG Forest/Artwork/sprites/hero/attack-weapon/hero-attack-side/hero-attack-side-weapon-1.png using Guid(06aae4ddb038e4d5db20cbfa9674d4ca) Importer(815301076,1909f56bfc062723c751e8b465ee728b)  -> (artifact id: '87561ecdd6e57078915f784a1231eb34') in 0.022846 seconds 
  Import took 0.028533 seconds .

========================================================================
Received Import Request.
  Time since last request: 0.000290 seconds.
  path: Assets/Tiny RPG Forest/Artwork/sprites/hero/attack-weapon/hero-attack-side/hero-attack-side-weapon-3.png
  artifactKey: Guid(94f37dc86c80b4bbcb69aa5196138416) Importer(815301076,1909f56bfc062723c751e8b465ee728b)
Start importing Assets/Tiny RPG Forest/Artwork/sprites/hero/attack-weapon/hero-attack-side/hero-attack-side-weapon-3.png using Guid(94f37dc86c80b4bbcb69aa5196138416) Importer(815301076,1909f56bfc062723c751e8b465ee728b)  -> (artifact id: 'd3e853ecc4210489a9ee9d0b79c7c5b1') in 0.035164 seconds 
  Import took 0.039515 seconds .

========================================================================
Received Import Request.
  Time since last request: 0.000251 seconds.
  path: Assets/Tiny RPG Forest/Artwork/sprites/hero/attack-weapon/hero-attack-side/hero-attack-side-weapon-2.png
  artifactKey: Guid(431ab203426d64ed7acac3c93c98b22d) Importer(815301076,1909f56bfc062723c751e8b465ee728b)
Start importing Assets/Tiny RPG Forest/Artwork/sprites/hero/attack-weapon/hero-attack-side/hero-attack-side-weapon-2.png using Guid(431ab203426d64ed7acac3c93c98b22d) Importer(815301076,1909f56bfc062723c751e8b465ee728b)  -> (artifact id: '42d954acb1a8cce3609c69cce419a353') in 0.034667 seconds 
  Import took 0.039336 seconds .

========================================================================
Received Import Request.
  Time since last request: 621.419256 seconds.
  path: Assets/Scripts/PlayerMovement.cs
  artifactKey: Guid(dc0f201a9dd6abf4aafa8f9950d1c4ef) Importer(815301076,1909f56bfc062723c751e8b465ee728b)
Start importing Assets/Scripts/PlayerMovement.cs using Guid(dc0f201a9dd6abf4aafa8f9950d1c4ef) Importer(815301076,1909f56bfc062723c751e8b465ee728b)  -> (artifact id: 'f2878053f0a0b41eb7fc93df21963700') in 0.149497 seconds 
  Import took 0.155960 seconds .

========================================================================
Received Import Request.
  Time since last request: 338.706610 seconds.
  path: Assets/Tiny RPG Forest/Artwork/sprites/hero/attack-weapon
  artifactKey: Guid(2661f76c4809c4fb9b4eef343e3915a6) Importer(815301076,1909f56bfc062723c751e8b465ee728b)
Start importing Assets/Tiny RPG Forest/Artwork/sprites/hero/attack-weapon using Guid(2661f76c4809c4fb9b4eef343e3915a6) Importer(815301076,1909f56bfc062723c751e8b465ee728b)  -> (artifact id: '7a60d69563ada5c2ec76411089e3f68f') in 0.012135 seconds 
  Import took 0.017566 seconds .

========================================================================
Received Import Request.
  Time since last request: 10.768940 seconds.
  path: Assets/Tiny RPG Forest/Artwork/sprites/hero/attack-weapon/hero-attack-side
  artifactKey: Guid(041aa15ca08014de4bca212b2019dde0) Importer(815301076,1909f56bfc062723c751e8b465ee728b)
Start importing Assets/Tiny RPG Forest/Artwork/sprites/hero/attack-weapon/hero-attack-side using Guid(041aa15ca08014de4bca212b2019dde0) Importer(815301076,1909f56bfc062723c751e8b465ee728b)  -> (artifact id: '95a6934ac9eadce4501c7a3d63be97ef') in 0.015430 seconds 
  Import took 0.021086 seconds .

========================================================================
Received Import Request.
  Time since last request: 9.097447 seconds.
  path: Assets/Tiny RPG Forest/Artwork/sprites/hero/attack-weapon/hero-attack-right
  artifactKey: Guid(041aa15ca08014de4bca212b2019dde0) Importer(815301076,1909f56bfc062723c751e8b465ee728b)
Start importing Assets/Tiny RPG Forest/Artwork/sprites/hero/attack-weapon/hero-attack-right using Guid(041aa15ca08014de4bca212b2019dde0) Importer(815301076,1909f56bfc062723c751e8b465ee728b)  -> (artifact id: 'd382ab61ed107be21101302234ee4288') in 0.019124 seconds 
  Import took 0.032698 seconds .

========================================================================
Received Import Request.
  Time since last request: 47.203251 seconds.
  path: Assets/Tiny RPG Forest/Artwork/sprites/hero/attack-weapon/hero-attack-back
  artifactKey: Guid(221b7520260c04eafb1bdd35235ca4da) Importer(815301076,1909f56bfc062723c751e8b465ee728b)
Start importing Assets/Tiny RPG Forest/Artwork/sprites/hero/attack-weapon/hero-attack-back using Guid(221b7520260c04eafb1bdd35235ca4da) Importer(815301076,1909f56bfc062723c751e8b465ee728b)  -> (artifact id: 'cbada8bcd723b3ac69db4e5ee40d1111') in 0.019433 seconds 
  Import took 0.024989 seconds .

========================================================================
Received Import Request.
  Time since last request: 46.628942 seconds.
  path: Assets/Tiny RPG Forest/Artwork/sprites/hero/attack-weapon/hero-attack-back/hero-attack-back-weapon-1.png
  artifactKey: Guid(ffed433e735f44a99b90ef2bcb4119c7) Importer(815301076,1909f56bfc062723c751e8b465ee728b)
Start importing Assets/Tiny RPG Forest/Artwork/sprites/hero/attack-weapon/hero-attack-back/hero-attack-back-weapon-1.png using Guid(ffed433e735f44a99b90ef2bcb4119c7) Importer(815301076,1909f56bfc062723c751e8b465ee728b)  -> (artifact id: 'cde11104018c83f3b2b126e348091e94') in 0.115716 seconds 
  Import took 0.122828 seconds .

========================================================================
Received Import Request.
  Time since last request: 0.000270 seconds.
  path: Assets/Tiny RPG Forest/Artwork/sprites/hero/attack-weapon/hero-attack-back/hero-attack-back-weapon-2.png
  artifactKey: Guid(8d495247644fb40b5972c92de8b601e9) Importer(815301076,1909f56bfc062723c751e8b465ee728b)
Start importing Assets/Tiny RPG Forest/Artwork/sprites/hero/attack-weapon/hero-attack-back/hero-attack-back-weapon-2.png using Guid(8d495247644fb40b5972c92de8b601e9) Importer(815301076,1909f56bfc062723c751e8b465ee728b)  -> (artifact id: 'e9d0bcd8498b155352cb907ce8040cd4') in 0.020809 seconds 
  Import took 0.030011 seconds .

========================================================================
Received Import Request.
  Time since last request: 0.000308 seconds.
  path: Assets/Tiny RPG Forest/Artwork/sprites/hero/attack-weapon/hero-attack-back/hero-attack-back-weapon-3.png
  artifactKey: Guid(afa49c1c777bc41729512b54c7cffb6a) Importer(815301076,1909f56bfc062723c751e8b465ee728b)
Start importing Assets/Tiny RPG Forest/Artwork/sprites/hero/attack-weapon/hero-attack-back/hero-attack-back-weapon-3.png using Guid(afa49c1c777bc41729512b54c7cffb6a) Importer(815301076,1909f56bfc062723c751e8b465ee728b)  -> (artifact id: '3246a9a3e1143dd0a48b7551cc35f310') in 0.025920 seconds 
  Import took 0.032297 seconds .

========================================================================
Received Import Request.
  Time since last request: 38.686090 seconds.
  path: Assets/Tiny RPG Forest/Artwork/sprites/hero/attack-weapon/hero-attack-front
  artifactKey: Guid(d4133e4d9e1004051b24f1934d03b3b3) Importer(815301076,1909f56bfc062723c751e8b465ee728b)
Start importing Assets/Tiny RPG Forest/Artwork/sprites/hero/attack-weapon/hero-attack-front using Guid(d4133e4d9e1004051b24f1934d03b3b3) Importer(815301076,1909f56bfc062723c751e8b465ee728b)  -> (artifact id: 'bb98bcdefb8293f0eca45a4bd490839c') in 0.015777 seconds 
  Import took 0.022211 seconds .

========================================================================
Received Import Request.
  Time since last request: 10.769960 seconds.
  path: Assets/Tiny RPG Forest/Artwork/sprites/hero/attack-weapon/hero-attack-front/hero-attack-front-weapon-1.png
  artifactKey: Guid(d3fc86e87ed624cd4b99f41839d07872) Importer(815301076,1909f56bfc062723c751e8b465ee728b)
Start importing Assets/Tiny RPG Forest/Artwork/sprites/hero/attack-weapon/hero-attack-front/hero-attack-front-weapon-1.png using Guid(d3fc86e87ed624cd4b99f41839d07872) Importer(815301076,1909f56bfc062723c751e8b465ee728b)  -> (artifact id: '53ff15e2227d04aec6fb735102f23a42') in 0.027427 seconds 
  Import took 0.034567 seconds .

========================================================================
Received Import Request.
  Time since last request: 0.000250 seconds.
  path: Assets/Tiny RPG Forest/Artwork/sprites/hero/attack-weapon/hero-attack-front/hero-attack-front-weapon-3.png
  artifactKey: Guid(79e8ab09581164230b48e34a040d92ef) Importer(815301076,1909f56bfc062723c751e8b465ee728b)
Start importing Assets/Tiny RPG Forest/Artwork/sprites/hero/attack-weapon/hero-attack-front/hero-attack-front-weapon-3.png using Guid(79e8ab09581164230b48e34a040d92ef) Importer(815301076,1909f56bfc062723c751e8b465ee728b)  -> (artifact id: '0c07ea2427439d71f2dde8310e701496') in 0.032764 seconds 
  Import took 0.045318 seconds .

========================================================================
Received Import Request.
  Time since last request: 0.000310 seconds.
  path: Assets/Tiny RPG Forest/Artwork/sprites/hero/attack-weapon/hero-attack-front/hero-attack-front-weapon-2.png
  artifactKey: Guid(0e983ad8fc7bd4f4187c33223f6b784c) Importer(815301076,1909f56bfc062723c751e8b465ee728b)
Start importing Assets/Tiny RPG Forest/Artwork/sprites/hero/attack-weapon/hero-attack-front/hero-attack-front-weapon-2.png using Guid(0e983ad8fc7bd4f4187c33223f6b784c) Importer(815301076,1909f56bfc062723c751e8b465ee728b)  -> (artifact id: 'd101118c1a1f80cb1b37c202612f6b8f') in 0.033368 seconds 
  Import took 0.050973 seconds .

========================================================================
Received Import Request.
  Time since last request: 69.113274 seconds.
  path: Assets/Tiny RPG Forest/Artwork/sprites/hero/attack-weapon/hero-attack-right/hero-attack-side-weapon-1.png
  artifactKey: Guid(06aae4ddb038e4d5db20cbfa9674d4ca) Importer(815301076,1909f56bfc062723c751e8b465ee728b)
Start importing Assets/Tiny RPG Forest/Artwork/sprites/hero/attack-weapon/hero-attack-right/hero-attack-side-weapon-1.png using Guid(06aae4ddb038e4d5db20cbfa9674d4ca) Importer(815301076,1909f56bfc062723c751e8b465ee728b)  -> (artifact id: '8e220b5c4f0433e65c6b947ec1563c9b') in 0.025052 seconds 
  Import took 0.047346 seconds .

========================================================================
Received Import Request.
  Time since last request: 0.000658 seconds.
  path: Assets/Tiny RPG Forest/Artwork/sprites/hero/attack-weapon/hero-attack-right/hero-attack-side-weapon-3.png
  artifactKey: Guid(94f37dc86c80b4bbcb69aa5196138416) Importer(815301076,1909f56bfc062723c751e8b465ee728b)
Start importing Assets/Tiny RPG Forest/Artwork/sprites/hero/attack-weapon/hero-attack-right/hero-attack-side-weapon-3.png using Guid(94f37dc86c80b4bbcb69aa5196138416) Importer(815301076,1909f56bfc062723c751e8b465ee728b)  -> (artifact id: '965550c05dd65d38152ed57e1ad48688') in 0.023625 seconds 
  Import took 0.034132 seconds .

========================================================================
Received Import Request.
  Time since last request: 0.000400 seconds.
  path: Assets/Tiny RPG Forest/Artwork/sprites/hero/attack-weapon/hero-attack-right/hero-attack-side-weapon-2.png
  artifactKey: Guid(431ab203426d64ed7acac3c93c98b22d) Importer(815301076,1909f56bfc062723c751e8b465ee728b)
Start importing Assets/Tiny RPG Forest/Artwork/sprites/hero/attack-weapon/hero-attack-right/hero-attack-side-weapon-2.png using Guid(431ab203426d64ed7acac3c93c98b22d) Importer(815301076,1909f56bfc062723c751e8b465ee728b)  -> (artifact id: '385635a26555155060e73e6a4ac79235') in 0.022027 seconds 
  Import took 0.038662 seconds .

========================================================================
Received Import Request.
  Time since last request: 13.627470 seconds.
  path: Assets/Tiny RPG Forest/Artwork/sprites/hero/attack-weapon/hero-attack-left
  artifactKey: Guid(5effd9a9b75b8d04e9a659fa229b9578) Importer(815301076,1909f56bfc062723c751e8b465ee728b)
Start importing Assets/Tiny RPG Forest/Artwork/sprites/hero/attack-weapon/hero-attack-left using Guid(5effd9a9b75b8d04e9a659fa229b9578) Importer(815301076,1909f56bfc062723c751e8b465ee728b)  -> (artifact id: '0db2ff6a1fd8f4410dfd24ac9470afef') in 0.010845 seconds 
  Import took 0.017792 seconds .

========================================================================
Received Import Request.
  Time since last request: 0.039665 seconds.
  path: Assets/Tiny RPG Forest/Artwork/sprites/hero/attack-weapon/hero-attack-left/hero-attack-side-weapon-1.png
  artifactKey: Guid(4ef82ed6c36e6984aac92f10a8e0dcdc) Importer(815301076,1909f56bfc062723c751e8b465ee728b)
Start importing Assets/Tiny RPG Forest/Artwork/sprites/hero/attack-weapon/hero-attack-left/hero-attack-side-weapon-1.png using Guid(4ef82ed6c36e6984aac92f10a8e0dcdc) Importer(815301076,1909f56bfc062723c751e8b465ee728b)  -> (artifact id: '76411bcd4ef35e73c08bf3091565f03c') in 0.013289 seconds 
  Import took 0.017728 seconds .

========================================================================
Received Import Request.
  Time since last request: 0.000277 seconds.
  path: Assets/Tiny RPG Forest/Artwork/sprites/hero/attack-weapon/hero-attack-left/hero-attack-side-weapon-2.png
  artifactKey: Guid(f709ceb7436b2e446b5edeb3cc215639) Importer(815301076,1909f56bfc062723c751e8b465ee728b)
Start importing Assets/Tiny RPG Forest/Artwork/sprites/hero/attack-weapon/hero-attack-left/hero-attack-side-weapon-2.png using Guid(f709ceb7436b2e446b5edeb3cc215639) Importer(815301076,1909f56bfc062723c751e8b465ee728b)  -> (artifact id: '3b5c37b69f00a71a1859174845c09d93') in 0.021199 seconds 
  Import took 0.029673 seconds .

========================================================================
Received Import Request.
  Time since last request: 0.000526 seconds.
  path: Assets/Tiny RPG Forest/Artwork/sprites/hero/attack-weapon/hero-attack-left/hero-attack-side-weapon-3.png
  artifactKey: Guid(a9d6987145723c24d84bec907c9beb87) Importer(815301076,1909f56bfc062723c751e8b465ee728b)
Start importing Assets/Tiny RPG Forest/Artwork/sprites/hero/attack-weapon/hero-attack-left/hero-attack-side-weapon-3.png using Guid(a9d6987145723c24d84bec907c9beb87) Importer(815301076,1909f56bfc062723c751e8b465ee728b)  -> (artifact id: 'c8c4c970958ba8fccf30597dd490e01a') in 0.032327 seconds 
  Import took 0.038199 seconds .

